nb_indiv = 50
nb_dose = 11
nb_repeat = 2
nb_assay = 1
nb_Time = 1
nb_predictors = 8
max depth = 100
delta = 2
xi = 2
nb_loop = 100000
phi_d = 0
a1 = 1
b1 = 1
aplha = 0.95
beta = 2
w = 0.1
pgrow pprune pchange = 0.1 0.1 0.6
lambda1 = 11
lambda2 = 0
lambda3 = 9

------------- X -------------- 
         0         2   9.06887   2.09119   6.22188   9.51223   5.48128    9.3475
         0         2   8.75541   4.17808   6.15348   4.12368   9.35429   7.58695
         0         2    3.9591    5.7698   3.71392   5.87494   3.06918   6.61791
         0         2   7.67205   6.27879   1.35693   6.68109   2.58656   5.02037
         0         2   8.61784   8.41659   9.29644   8.38543   7.90406    4.8324
         0         2   4.79148   9.11794   6.74458   4.96068   5.38764   7.40741
         0         2     4.359   6.45407   4.79016   7.37367    5.1633   5.48623
         0         2   12.3531   8.46914   1.95891   1.88382   7.85188   7.57645
         0         2   11.2468   4.43873    8.4454   4.32931   8.71743   8.82135
         0         2   7.70517   4.32144   9.29285   5.75017   4.14393    4.6745
         0         2   7.86792   8.71996   2.41153   6.94526   2.37648   1.94199
         0         2   6.94564   2.42812   7.92518   5.36845   4.08028   7.71137
         0         2   9.04048   5.85296   3.44898   4.61419   9.47442    7.4924
         0         2   10.2965   2.16676   2.89036   6.72434   3.83393   1.45151
         0         2   2.78309   8.52792   3.31995   2.89606   4.99944   1.93913
         0         2   9.65381    5.5574   7.56942   2.44509   4.45823   6.55642
         0         2   8.46976   9.23986   2.76613   3.04553   2.74264    3.5533
         0         2   9.28998   7.44669   4.02083   6.84958   3.95376   4.43708
         0         2   5.28836   7.22139   7.27985   1.66869   6.35828   8.52076
         0         2   8.60349   7.63575   1.27128   7.57934   8.91885   7.55471
         0         2   11.2623   8.24234   3.86937   5.25983   5.95376   5.84499
         0         2   8.86367   3.39183   2.07793   6.16721   2.02695   2.29101
         0         2   9.29218   4.00267   2.12294   6.96757   2.35623   3.96466
         0         2   7.46398   4.43355   4.04782   7.38208   5.58457   4.24982
         0         2   5.36719   7.07575   7.61276   6.68339   9.43745   8.91225
         0         2   9.16615   7.39978    2.1119   2.80748    6.4691   1.40636
         0         2   31.2503   2.13724   1.93476   4.72865   9.42089   4.92277
         0         2    5.4853   1.48727   7.38606   9.96649   3.68184   1.46078
         0         2   10.7117   5.95617   1.07594   2.11767   9.39574   1.12374
         0         2    9.3945   2.33125    2.8724   8.58089   8.66426     8.879
   4.48629   2.82295     9.622   3.68618   6.21322   7.16448   2.50145   7.33899
   4.76441   9.30414   7.05411    9.4547   5.42476   6.86953   9.15952   4.66419
   4.12729   8.79057    6.6892   4.04509   1.09047   3.51484   7.22827   2.99163
   5.04426   9.36225   7.22015   1.41304   3.94415   5.81229   9.41189   3.55424
   7.60665   1.76044   11.4032   6.53828   8.99389   9.01994    8.9175   6.53489
   8.48615    4.1181    9.6204   5.52614   2.90363    1.3327   7.05293   5.21796
   9.85106   3.33023   10.0948   6.19478   6.73684   9.47176    3.1519   3.59989
   4.58647   6.36918   7.62516   1.90476   3.93765   9.00853   8.38384   5.82484
   5.40882   6.98399   7.90206   3.03955     8.385   6.37902    7.6987   7.71999
   8.41192   7.59881   8.78973   5.08615   4.50225    7.8169   3.89562   4.93972
   6.05387   8.81994   7.83159   2.29413   1.69478   9.19755   3.04124   3.38492
   6.20432   1.94779   11.0955   4.19479   6.99205   5.72436   8.32644    2.2583
   1.76326    6.0286   4.40129   8.86926   2.81046   6.73986   5.67272   3.17328
   2.29505   9.41679   4.34798   7.33425   5.23673   9.59144   7.21269   3.66348
   7.54102   5.56457   8.99396   7.27519   8.43475   6.19434   3.12761   6.09172
    1.7483   8.34669   3.51562    5.4479   5.38594   7.55149    9.8586   2.77903
   1.98456   7.38885   4.32064   3.35505   8.00917   1.74422   1.25246   4.31314
   9.91049   4.74356   9.62823   4.51132   1.26999   4.63799   6.04422   1.52546
   9.98514   2.37786   10.6525   6.19113   3.94199   4.43559   1.52216   1.99136
   6.99914   9.65767   8.08094   8.00293   4.06664   5.49259   7.00155    7.5807

--------- penalty_matrix ----------- 
[13,13]((1.01,-1,0,0,0,0,0,0,0,0,0,0,0),(-1,2,-1,0,0,0,0,0,0,0,0,0,0),(0,-1,2,-1,0,0,0,0,0,0,0,0,0),(0,0,-1,2,-1,0,0,0,0,0,0,0,0),(0,0,0,-1,2,-1,0,0,0,0,0,0,0),(0,0,0,0,-1,2,-1,0,0,0,0,0,0),(0,0,0,0,0,-1,2,-1,0,0,0,0,0),(0,0,0,0,0,0,-1,2,-1,0,0,0,0),(0,0,0,0,0,0,0,-1,2,-1,0,0,0),(0,0,0,0,0,0,0,0,-1,2,-1,0,0),(0,0,0,0,0,0,0,0,0,-1,2,-1,0),(0,0,0,0,0,0,0,0,0,0,-1,2,-1),(0,0,0,0,0,0,0,0,0,0,0,-1,1.01))
Determinant 0.0212

--------- sigma_j ----------- 
[1,1]((1))

--------- sigma_d ----------- 
[11,11]((1,0,0,0,0,0,0,0,0,0,0),(0,1,0,0,0,0,0,0,0,0,0),(0,0,1,0,0,0,0,0,0,0,0),(0,0,0,1,0,0,0,0,0,0,0),(0,0,0,0,1,0,0,0,0,0,0),(0,0,0,0,0,1,0,0,0,0,0),(0,0,0,0,0,0,1,0,0,0,0),(0,0,0,0,0,0,0,1,0,0,0),(0,0,0,0,0,0,0,0,1,0,0),(0,0,0,0,0,0,0,0,0,1,0),(0,0,0,0,0,0,0,0,0,0,1))

--------- spline base matrix ----------- 
[11,13]((1,0,0,0,0,0,0,0,0,0,0,0,0),(0,0.25,0.583333,0.166667,0,0,0,0,0,0,0,0,0),(0,0,0.166667,0.666667,0.166667,0,0,0,0,0,0,0,0),(0,0,0,0.166667,0.666667,0.166667,0,0,0,0,0,0,0),(0,0,0,0,0.166667,0.666667,0.166667,0,0,0,0,0,0),(0,0,0,0,0,0.166667,0.666667,0.166667,0,0,0,0,0),(0,0,0,0,0,0,0.166667,0.666667,0.166667,0,0,0,0),(0,0,0,0,0,0,0,0.166667,0.666667,0.166667,0,0,0),(0,0,0,0,0,0,0,0,0.166667,0.666667,0.166667,0,0),(0,0,0,0,0,0,0,0,0,0.166667,0.583333,0.25,0),(0,0,0,0,0,0,0,0,0,0,0,0,1))

--------- lambda matrix ----------- 
[1,1]((2))


/********************************** ITER 0 **********************************/

/********************************** ITER 10 **********************************/

/********************************** ITER 20 **********************************/

/********************************** ITER 30 **********************************/

/********************************** ITER 40 **********************************/

/********************************** ITER 50 **********************************/

/********************************** ITER 60 **********************************/

/********************************** ITER 70 **********************************/

/********************************** ITER 80 **********************************/

/********************************** ITER 90 **********************************/

/********************************** ITER 100 **********************************/

/********************************** ITER 110 **********************************/
